[INFO] Scanning for projects...
[INFO] 
[INFO] -------------------< com.tugasakhir:vendor-service >--------------------
[INFO] Building vendor-service 0.0.1-SNAPSHOT
[INFO]   from pom.xml
[INFO] --------------------------------[ jar ]---------------------------------
[INFO] 
[INFO] --- resources:3.3.1:resources (default-resources) @ vendor-service ---
[INFO] Copying 1 resource from src\main\resources to target\classes
[INFO] Copying 0 resource from src\main\resources to target\classes
[INFO] 
[INFO] --- compiler:3.13.0:compile (default-compile) @ vendor-service ---
[INFO] Nothing to compile - all classes are up to date.
[INFO] 
[INFO] --- resources:3.3.1:testResources (default-testResources) @ vendor-service ---
[INFO] skip non existing resourceDirectory C:\Users\Asus\Desktop\tugas-akhir\backend\services\vendor-service\vendor-service\src\test\resources
[INFO] 
[INFO] --- compiler:3.13.0:testCompile (default-testCompile) @ vendor-service ---
[INFO] Nothing to compile - all classes are up to date.
[INFO] 
[INFO] --- surefire:3.2.5:test (default-test) @ vendor-service ---
[INFO] Using auto detected provider org.apache.maven.surefire.junitplatform.JUnitPlatformProvider
[INFO] 
[INFO] -------------------------------------------------------
[INFO]  T E S T S
[INFO] -------------------------------------------------------
[INFO] Running com.tugasakhir.vendor_service.kafka.UserEventConsumerTest
16:16:45.061 [main] INFO org.springframework.test.context.support.AnnotationConfigContextLoaderUtils -- Could not detect default configuration classes for test class [com.tugasakhir.vendor_service.kafka.UserEventConsumerTest]: UserEventConsumerTest does not declare any static, non-private, non-final, nested classes annotated with @Configuration.
16:16:45.374 [main] INFO org.springframework.boot.test.context.SpringBootTestContextBootstrapper -- Found @SpringBootConfiguration com.tugasakhir.vendor_service.VendorServiceApplication for test class com.tugasakhir.vendor_service.kafka.UserEventConsumerTest
16:16:45.613 [main] INFO org.testcontainers.images.PullPolicy -- Image pull policy will be performed by: DefaultPullPolicy()
16:16:45.620 [main] INFO org.testcontainers.utility.ImageNameSubstitutor -- Image name substitution will be performed by: DefaultImageNameSubstitutor (composite of 'ConfigurationFileImageNameSubstitutor' and 'PrefixingImageNameSubstitutor')
16:16:46.035 [main] INFO org.testcontainers.dockerclient.DockerClientProviderStrategy -- Loaded org.testcontainers.dockerclient.NpipeSocketClientProviderStrategy from ~/.testcontainers.properties, will try it first
16:16:46.042 [main] INFO org.testcontainers.dockerclient.DockerMachineClientProviderStrategy -- docker-machine executable was not found on PATH ([C:\Program Files\Eclipse Adoptium\jdk-21.0.9.10-hotspot\bin, C:\Program Files (x86)\Common Files\Oracle\Java\java8path, C:\Program Files (x86)\Common Files\Oracle\Java\javapath, C:\Program Files\Microsoft\jdk-11.0.16.101-hotspot\bin, C:\Program Files (x86)\Common Files\Intel\Shared Libraries\redist\intel64\compiler, C:\oraclexe\app\oracle\product\10.2.0\server\bin, C:\Program Files (x86)\Razer\ChromaBroadcast\bin, C:\Program Files\Razer\ChromaBroadcast\bin, C:\Windows\system32, C:\Windows, C:\Windows\System32\Wbem, C:\Windows\System32\WindowsPowerShell\v1.0\, C:\Windows\System32\OpenSSH\, C:\WINDOWS\system32, C:\WINDOWS, C:\WINDOWS\System32\Wbem, C:\WINDOWS\System32\WindowsPowerShell\v1.0\, C:\WINDOWS\System32\OpenSSH\, C:\WINDOWS\system32\config\systemprofile\AppData\Local\Microsoft\WindowsApps, C:\msys64\mingw64\bin, C:\Program Files\dotnet\, C:\Program Files (x86)\Tesseract-OCR, C:\Program Files (x86)\gs\gs10.00.0\bin, C:\Program Files\gs\gs10.00.0\bin, C:\Program Files\gs\gs10.00.0\lib, C:\Program Files (x86)\NVIDIA Corporation\PhysX\Common, C:\Program Files\MongoDB\Server\5.0\bin, C:\WINDOWS\system32, C:\WINDOWS, C:\WINDOWS\System32\Wbem, C:\WINDOWS\System32\WindowsPowerShell\v1.0\, C:\WINDOWS\System32\OpenSSH\, C:\Program Files\Microsoft SQL Server\Client SDK\ODBC\170\Tools\Binn\, C:\Program Files (x86)\Microsoft SQL Server\150\Tools\Binn\, C:\Program Files\Microsoft SQL Server\150\Tools\Binn\, C:\Program Files\Microsoft SQL Server\150\DTS\Binn\, C:\Program Files\Azure Data Studio\bin, C:\Users\Asus\AppData\Roaming\nvm, C:\Program Files\nodejs, C:\xampp\php, C:\Program Files (x86)\Microsoft SQL Server\160\Tools\Binn\, C:\Program Files\Microsoft SQL Server\160\Tools\Binn\, C:\Program Files\Microsoft SQL Server\160\DTS\Binn\, C:\laragon\bin\mysql\mysql-8.0.30-winx64\bin, C:\php-8.3.6, C:\Program Files\Git\cmd, C:\composer, C:\xampp, C:\Program Files\nodejs\, C:\Program Files\NVIDIA Corporation\NVIDIA app\NvDLISR, C:\Program Files\Docker\Docker\resources\bin, C:\Program Files\Go\bin, C:\Program Files\Cloudflare\Cloudflare WARP\, C:\Users\Asus\.cargo\bin, C:\Users\Asus\AppData\Local\Programs\Python\Python312\Scripts\, C:\Users\Asus\AppData\Local\Programs\Python\Python312\, C:\Users\Asus\scoop\shims, C:\Python3.11\Scripts\, C:\Python3.11\, C:\Users\Asus\AppData\Local\Microsoft\WindowsApps, C:\Users\Asus\AppData\Local\Programs\Microsoft VS Code\bin, C:\Program Files\mingw-w64\x86_64-8.1.0-posix-seh-rt_v6-rev0\mingw64\bin, C:\Users\Asus\AppData\Local\GitHubDesktop\bin, C:\Program Files\Azure Data Studio\bin, C:\Users\Asus\AppData\Local\spicetify, C:\Users\Asus\AppData\Roaming\nvm, C:\Program Files\nodejs, C:\Program Files\Android\Android Studio\bin, C:\AI, C:\Program Files\JetBrains\PyCharm 2023.2.1\bin, C:\Users\Asus\AppData\Roaming\Composer\vendor\bin, C:\flutter_windows_3.19.6-stable\flutter\bin, C:\Users\Asus\src\flutter\bin, C:\Users\Asus\AppData\Roaming\npm, C:\Users\Asus\AppData\Local\Microsoft\WindowsApps, C:\Users\Asus\AppData\Local\JetBrains\Toolbox\scripts, C:\Users\Asus\AppData\Local\Programs\Ollama, C:\Users\Asus\go\bin, C:\Users\Asus\AppData\Local\Programs\Antigravity\bin, C:\Program Files\Eclipse Adoptium\jdk-21.0.9.10-hotspot])
16:16:46.042 [main] ERROR org.testcontainers.dockerclient.DockerClientProviderStrategy -- Could not find a valid Docker environment. Please check configuration. Attempted configurations were:
As no valid configuration was found, execution cannot continue.
See https://java.testcontainers.org/on_failure.html for more details.
[ERROR] Tests run: 1, Failures: 0, Errors: 1, Skipped: 0, Time elapsed: 1.174 s <<< FAILURE! -- in com.tugasakhir.vendor_service.kafka.UserEventConsumerTest
[ERROR] com.tugasakhir.vendor_service.kafka.UserEventConsumerTest -- Time elapsed: 1.174 s <<< ERROR!
java.lang.IllegalStateException: Could not find a valid Docker environment. Please see logs and check configuration
	at org.testcontainers.dockerclient.DockerClientProviderStrategy.lambda$getFirstValidStrategy$7(DockerClientProviderStrategy.java:277)
	at java.base/java.util.Optional.orElseThrow(Optional.java:403)
	at org.testcontainers.dockerclient.DockerClientProviderStrategy.getFirstValidStrategy(DockerClientProviderStrategy.java:268)
	at org.testcontainers.DockerClientFactory.getOrInitializeStrategy(DockerClientFactory.java:152)
	at org.testcontainers.DockerClientFactory.client(DockerClientFactory.java:194)
	at org.testcontainers.DockerClientFactory$1.getDockerClient(DockerClientFactory.java:106)
	at com.github.dockerjava.api.DockerClientDelegate.authConfig(DockerClientDelegate.java:109)
	at org.testcontainers.containers.GenericContainer.start(GenericContainer.java:329)
	at org.testcontainers.junit.jupiter.TestcontainersExtension$StoreAdapter.start(TestcontainersExtension.java:280)
	at org.testcontainers.junit.jupiter.TestcontainersExtension$StoreAdapter.access$200(TestcontainersExtension.java:267)
	at org.testcontainers.junit.jupiter.TestcontainersExtension.lambda$null$4(TestcontainersExtension.java:82)
	at org.testcontainers.junit.jupiter.TestcontainersExtension.lambda$startContainers$5(TestcontainersExtension.java:82)
	at java.base/java.util.ArrayList.forEach(ArrayList.java:1596)
	at org.testcontainers.junit.jupiter.TestcontainersExtension.startContainers(TestcontainersExtension.java:82)
	at org.testcontainers.junit.jupiter.TestcontainersExtension.beforeAll(TestcontainersExtension.java:56)
	at java.base/java.util.ArrayList.forEach(ArrayList.java:1596)

[INFO] 
[INFO] Results:
[INFO] 
[ERROR] Errors: 
[ERROR]   UserEventConsumerTest » IllegalState Could not find a valid Docker environment. Please see logs and check configuration
[INFO] 
[ERROR] Tests run: 1, Failures: 0, Errors: 1, Skipped: 0
[INFO] 
[INFO] ------------------------------------------------------------------------
[INFO] BUILD FAILURE
[INFO] ------------------------------------------------------------------------
[INFO] Total time:  7.317 s
[INFO] Finished at: 2025-12-08T16:16:46+07:00
[INFO] ------------------------------------------------------------------------
[ERROR] Failed to execute goal org.apache.maven.plugins:maven-surefire-plugin:3.2.5:test (default-test) on project vendor-service: 
[ERROR] 
[ERROR] Please refer to C:\Users\Asus\Desktop\tugas-akhir\backend\services\vendor-service\vendor-service\target\surefire-reports for the individual test results.
[ERROR] Please refer to dump files (if any exist) [date].dump, [date]-jvmRun[N].dump and [date].dumpstream.
[ERROR] -> [Help 1]
[ERROR] 
[ERROR] To see the full stack trace of the errors, re-run Maven with the -e switch.
[ERROR] Re-run Maven using the -X switch to enable full debug logging.
[ERROR] 
[ERROR] For more information about the errors and possible solutions, please read the following articles:
[ERROR] [Help 1] http://cwiki.apache.org/confluence/display/MAVEN/MojoFailureException
